<?xml version="1.0" encoding="UTF-8"?>
<testng-results skipped="0" failed="0" ignored="0" total="1" passed="1">
  <reporter-output>
  </reporter-output>
  <suite name="Default suite" duration-ms="36750" started-at="2020-10-08T16:32:20 IST" finished-at="2020-10-08T16:32:57 IST">
    <groups>
    </groups>
    <test name="Default test" duration-ms="36750" started-at="2020-10-08T16:32:20 IST" finished-at="2020-10-08T16:32:57 IST">
      <class name="com.TestCases.PetCase">
        <test-method status="PASS" signature="f()[pri:0, instance:com.TestCases.PetCase@2b552920]" name="f" duration-ms="36686" started-at="2020-10-08T16:32:20 IST" finished-at="2020-10-08T16:32:56 IST">
          <reporter-output>
          </reporter-output>
        </test-method> <!-- f -->
      </class> <!-- com.TestCases.PetCase -->
    </test> <!-- Default test -->
  </suite> <!-- Default suite -->
</testng-results>
